0 0
1 0
2 0
3 0
4 0
5 0
6 0
7 0
8 0
9 0
10 0
11 0
12 0
13 0
14 0
15 0
16 0
17 0
18 0
19 0
20 0
21 0
22 0
23 0
24 0
25 0
26 0
27 0
28 0
29 0
30 0
31 0
32 0
33 0
34 0
35 0
36 0
37 0
38 0
39 0
40 0
41 0
42 0
43 0
44 0
45 0
46 0
47 0
48 0
49 0
50 0
51 0
52 0
53 0
54 0
55 0
56 0
57 0
58 0
59 0
60 0
61 0
62 0
63 0
64 0
65 1
66 1
67 0
68 1
69 0
70 0
71 0
72 1
73 1
74 0
75 1
76 0
77 1
78 1
79 1
80 1
81 0
82 1
83 1
84 1
85 1
86 1
87 1
88 1
89 1
90 0
91 0
92 0
93 0
94 0
95 0
96 0
97 1
98 0
99 1
100 1
101 1
102 0
103 0
104 1
105 1
106 1
107 0
108 0
109 1
110 1
111 1
112 0
113 0
114 1
115 1
116 1
117 0
118 1
119 0
120 0
121 0
122 0
123 0
124 0
125 0
126 0
127 0
128 0
129 0
130 0
131 0
132 0
133 0
134 0
135 0
136 0
137 0
138 0
139 0
140 0
141 0
142 0
143 0
144 0
145 0
146 1
147 0
148 0
149 0
150 0
151 0
152 0
153 0
154 0
155 0
156 0
157 0
158 0
159 2
160 0
161 0
162 0
163 0
164 0
165 0
166 0
167 1
168 0
169 2
170 0
171 0
172 0
173 3
174 1
175 2
176 0
177 1
178 1
179 2
180 1
181 3
182 2
183 2
184 0
185 1
186 0
187 1
188 2
189 3
190 1
191 1
192 0
193 2
194 1
195 1
196 0
197 0
198 1
199 2
200 0
201 3
202 1
203 0
204 1
205 3
206 2
207 3
208 0
209 1
210 1
211 3
212 1
213 3
214 1
215 5
216 3
217 3
218 0
219 3
220 4
221 3
222 2
223 1
224 0
225 1
226 1
227 1
228 0
229 1
230 1
231 0
232 2
233 0
234 0
235 0
236 0
237 1
238 0
239 0
240 0
241 0
242 0
243 0
244 0
245 0
246 0
247 0
248 0
249 0
250 0
251 0
252 0
253 0
254 0
255 0
256 0
257 0
258 0
259 0
260 0
261 0
262 0
263 0
264 0
265 1
266 1
267 1
268 1
269 2
270 0
271 1
272 1
273 1
274 3
275 1
276 2
277 0
278 0
279 0
280 2
281 2
282 5
283 1
284 3
285 2
286 2
287 4
288 4
289 2
290 2
291 1
292 4
293 3
294 5
295 4
296 2
297 2
298 3
299 5
300 3
301 3
302 4
303 3
304 4
305 6
306 6
307 2
308 5
309 5
310 3
311 7
312 9
313 7
314 9
315 9
316 7
317 8
318 7
319 8
320 10
321 5
322 6
323 6
324 7
325 8
326 5
327 12
328 6
329 7
330 9
331 9
332 6
333 5
334 6
335 5
336 7
337 7
338 7
339 2
340 7
341 4
342 2
343 1
344 5
345 1
346 1
347 1
348 1
349 2
350 0
351 1
352 0
353 0
354 0
355 0
356 0
357 0
358 0
359 0
360 0
361 0
362 0
363 0
364 0
365 0
366 0
367 0
368 1
369 2
370 0
371 0
372 0
373 0
374 1
375 0
376 0
377 2
378 1
379 4
380 5
381 1
382 6
383 2
384 5
385 2
386 4
387 0
388 3
389 5
390 6
391 3
392 4
393 6
394 7
395 4
396 3
397 1
398 5
399 7
400 7
401 9
402 7
403 8
404 11
405 8
406 5
407 7
408 8
409 8
410 12
411 12
412 19
413 10
414 21
415 22
416 15
417 17
418 23
419 17
420 18
421 15
422 26
423 18
424 21
425 24
426 30
427 22
428 21
429 18
430 21
431 23
432 26
433 18
434 23
435 21
436 21
437 17
438 14
439 17
440 24
441 18
442 18
443 14
444 17
445 12
446 11
447 9
448 16
449 7
450 8
451 11
452 6
453 5
454 15
455 3
456 5
457 4
458 2
459 3
460 2
461 2
462 0
463 1
464 0
465 0
466 0
467 0
468 0
469 0
470 0
471 0
472 0
473 0
474 1
475 0
476 0
477 0
478 1
479 1
480 3
481 0
482 1
483 3
484 0
485 4
486 2
487 4
488 0
489 1
490 3
491 0
492 0
493 2
494 3
495 3
496 5
497 3
498 7
499 7
500 5
501 2
502 5
503 3
504 11
505 6
506 4
507 5
508 6
509 6
510 7
511 10
512 12
513 10
514 12
515 16
516 19
517 17
518 19
519 9
520 21
521 11
522 12
523 18
524 15
525 19
526 14
527 21
528 27
529 25
530 22
531 22
532 31
533 21
534 27
535 31
536 30
537 36
538 25
539 21
540 26
541 25
542 29
543 31
544 22
545 30
546 29
547 24
548 27
549 20
550 19
551 14
552 37
553 19
554 22
555 18
556 15
557 22
558 12
559 13
560 10
561 13
562 8
563 5
564 9
565 5
566 5
567 3
568 3
569 8
570 2
571 5
572 2
573 2
574 1
575 4
576 1
577 3
578 2
579 2
580 0
581 3
582 5
583 2
584 0
585 2
586 2
587 0
588 1
589 1
590 1
591 1
592 1
593 1
594 0
595 2
596 0
597 3
598 2
599 4
600 1
601 1
602 7
603 4
604 3
605 7
606 5
607 5
608 3
609 5
610 3
611 6
612 11
613 11
614 11
615 13
616 12
617 28
618 13
619 15
620 13
621 16
622 18
623 17
624 19
625 13
626 24
627 23
628 21
629 23
630 23
631 22
632 31
633 20
634 25
635 27
636 24
637 31
638 25
639 26
640 34
641 44
642 33
643 23
644 31
645 27
646 25
647 39
648 34
649 40
650 32
651 36
652 38
653 30
654 23
655 34
656 20
657 28
658 30
659 29
660 17
661 28
662 9
663 28
664 19
665 16
666 7
667 17
668 21
669 12
670 7
671 14
672 11
673 7
674 5
675 3
676 6
677 3
678 6
679 5
680 5
681 2
682 4
683 2
684 3
685 3
686 3
687 0
688 0
689 0
690 1
691 2
692 1
693 2
694 2
695 1
696 1
697 3
698 4
699 3
700 3
701 1
702 5
703 3
704 2
705 2
706 3
707 2
708 2
709 4
710 5
711 3
712 6
713 4
714 9
715 6
716 9
717 7
718 8
719 12
720 9
721 9
722 12
723 8
724 10
725 13
726 17
727 12
728 8
729 9
730 21
731 19
732 24
733 21
734 22
735 29
736 26
737 28
738 22
739 24
740 27
741 30
742 27
743 34
744 29
745 36
746 30
747 36
748 32
749 30
750 32
751 43
752 25
753 36
754 38
755 45
756 26
757 31
758 37
759 35
760 20
761 26
762 41
763 39
764 34
765 31
766 21
767 23
768 28
769 25
770 25
771 21
772 20
773 15
774 16
775 19
776 9
777 19
778 17
779 7
780 8
781 9
782 13
783 9
784 4
785 7
786 7
787 3
788 2
789 7
790 1
791 1
792 1
793 6
794 0
795 0
796 1
797 5
798 0
799 0
800 1
801 1
802 0
803 2
804 1
805 1
806 0
807 2
808 1
809 2
810 1
811 1
812 0
813 1
814 3
815 5
816 2
817 2
818 5
819 4
820 3
821 1
822 6
823 3
824 2
825 6
826 6
827 10
828 13
829 6
830 11
831 12
832 14
833 13
834 20
835 16
836 15
837 11
838 19
839 17
840 18
841 21
842 23
843 19
844 17
845 20
846 20
847 32
848 27
849 24
850 22
851 22
852 23
853 33
854 25
855 33
856 24
857 17
858 22
859 34
860 30
861 22
862 28
863 33
864 30
865 28
866 27
867 32
868 23
869 24
870 34
871 18
872 31
873 26
874 22
875 22
876 25
877 15
878 15
879 22
880 12
881 14
882 16
883 16
884 11
885 11
886 11
887 8
888 9
889 10
890 5
891 5
892 5
893 8
894 7
895 5
896 1
897 4
898 5
899 3
900 1
901 2
902 1
903 3
904 2
905 1
906 1
907 1
908 0
909 0
910 0
911 0
912 1
913 3
914 1
915 0
916 2
917 0
918 0
919 1
920 2
921 1
922 2
923 1
924 1
925 6
926 4
927 5
928 2
929 2
930 2
931 3
932 5
933 6
934 3
935 9
936 10
937 4
938 7
939 11
940 6
941 6
942 12
943 12
944 14
945 16
946 10
947 11
948 14
949 13
950 13
951 11
952 16
953 10
954 20
955 17
956 20
957 18
958 12
959 39
960 26
961 28
962 16
963 20
964 25
965 21
966 20
967 21
968 24
969 26
970 19
971 18
972 19
973 20
974 23
975 20
976 19
977 21
978 25
979 13
980 17
981 20
982 19
983 18
984 17
985 24
986 21
987 15
988 12
989 11
990 5
991 13
992 9
993 14
994 6
995 4
996 4
997 4
998 5
999 6
1000 6
1001 8
1002 3
1003 5
1004 4
1005 4
1006 2
1007 6
1008 4
1009 0
1010 2
1011 2
1012 1
1013 2
1014 1
1015 1
1016 0
1017 0
1018 1
1019 0
1020 1
1021 0
1022 0
1023 1
1024 1
1025 2
1026 1
1027 2
1028 0
1029 1
1030 1
1031 2
1032 1
1033 1
1034 1
1035 1
1036 1
1037 2
1038 5
1039 4
1040 5
1041 4
1042 6
1043 3
1044 3
1045 5
1046 4
1047 4
1048 7
1049 4
1050 7
1051 3
1052 10
1053 8
1054 8
1055 5
1056 11
1057 6
1058 13
1059 11
1060 6
1061 14
1062 13
1063 11
1064 18
1065 7
1066 11
1067 13
1068 14
1069 16
1070 11
1071 16
1072 16
1073 17
1074 17
1075 6
1076 16
1077 12
1078 18
1079 21
1080 17
1081 17
1082 12
1083 15
1084 10
1085 14
1086 9
1087 9
1088 13
1089 20
1090 7
1091 10
1092 6
1093 13
1094 10
1095 10
1096 13
1097 7
1098 6
1099 12
1100 4
1101 3
1102 9
1103 9
1104 10
1105 7
1106 5
1107 1
1108 3
1109 4
1110 5
1111 4
1112 3
1113 2
1114 0
1115 2
1116 2
1117 4
1118 0
1119 1
1120 0
1121 1
1122 2
1123 2
1124 1
1125 1
1126 0
1127 0
1128 0
1129 0
1130 1
1131 0
1132 0
1133 1
1134 1
1135 0
1136 1
1137 0
1138 0
1139 1
1140 2
1141 0
1142 1
1143 0
1144 1
1145 1
1146 2
1147 1
1148 2
1149 1
1150 2
1151 1
1152 2
1153 4
1154 7
1155 5
1156 2
1157 3
1158 7
1159 3
1160 2
1161 6
1162 7
1163 5
1164 5
1165 4
1166 5
1167 5
1168 6
1169 6
1170 7
1171 7
1172 5
1173 13
1174 7
1175 4
1176 7
1177 5
1178 2
1179 9
1180 6
1181 9
1182 9
1183 8
1184 6
1185 11
1186 12
1187 12
1188 8
1189 6
1190 8
1191 7
1192 4
1193 11
1194 9
1195 15
1196 10
1197 14
1198 3
1199 11
1200 8
1201 10
1202 7
1203 0
1204 10
1205 2
1206 6
1207 3
1208 1
1209 7
1210 7
1211 10
1212 4
1213 7
1214 2
1215 3
1216 2
1217 1
1218 4
1219 4
1220 0
1221 1
1222 3
1223 1
1224 0
1225 3
1226 2
1227 1
1228 1
1229 2
1230 2
1231 2
1232 1
1233 0
1234 1
1235 2
1236 0
1237 1
1238 0
1239 1
1240 0
1241 0
1242 0
1243 0
1244 1
1245 1
1246 0
1247 2
1248 1
1249 2
1250 2
1251 2
1252 1
1253 0
1254 0
1255 1
1256 1
1257 1
1258 4
1259 1
1260 1
1261 3
1262 0
1263 0
1264 2
1265 1
1266 2
1267 4
1268 2
1269 2
1270 3
1271 5
1272 4
1273 1
1274 2
1275 5
1276 3
1277 2
1278 2
1279 4
1280 4
1281 6
1282 5
1283 4
1284 3
1285 2
1286 6
1287 6
1288 9
1289 2
1290 2
1291 5
1292 6
1293 3
1294 3
1295 2
1296 6
1297 7
1298 4
1299 5
1300 4
1301 7
1302 3
1303 4
1304 4
1305 4
1306 4
1307 2
1308 5
1309 4
1310 5
1311 2
1312 7
1313 1
1314 3
1315 3
1316 1
1317 6
1318 4
1319 0
1320 2
1321 3
1322 2
1323 3
1324 4
1325 0
1326 1
1327 4
1328 1
1329 2
1330 0
1331 3
1332 0
1333 1
1334 2
1335 0
1336 0
1337 2
1338 0
1339 0
1340 1
1341 1
1342 0
1343 0
1344 1
1345 0
1346 0
1347 0
1348 0
1349 0
1350 0
1351 1
1352 1
1353 1
1354 1
1355 0
1356 0
1357 0
1358 0
1359 1
1360 0
1361 0
1362 1
1363 0
1364 1
1365 0
1366 3
1367 1
1368 0
1369 1
1370 0
1371 1
1372 0
1373 0
1374 0
1375 1
1376 1
1377 2
1378 0
1379 2
1380 4
1381 1
1382 3
1383 0
1384 0
1385 2
1386 0
1387 3
1388 2
1389 1
1390 1
1391 2
1392 0
1393 3
1394 5
1395 6
1396 7
1397 0
1398 5
1399 1
1400 2
1401 0
1402 0
1403 0
1404 4
1405 3
1406 2
1407 2
1408 2
1409 4
1410 1
1411 3
1412 1
1413 2
1414 2
1415 2
1416 1
1417 2
1418 1
1419 1
1420 4
1421 1
1422 3
1423 2
1424 0
1425 3
1426 1
1427 2
1428 0
1429 2
1430 1
1431 4
1432 0
1433 1
1434 0
1435 0
1436 0
1437 0
1438 2
1439 1
1440 2
1441 1
1442 0
1443 0
1444 1
1445 0
1446 2
1447 0
1448 0
1449 0
1450 0
1451 0
1452 0
1453 0
1454 1
1455 0
1456 0
1457 0
1458 0
1459 1
1460 0
1461 0
1462 0
1463 1
1464 0
1465 0
1466 1
1467 0
1468 0
1469 0
1470 0
1471 0
1472 0
1473 0
1474 0
1475 1
1476 0
1477 0
1478 0
1479 0
1480 0
1481 1
1482 0
1483 0
1484 0
1485 0
1486 0
1487 1
1488 1
1489 0
1490 1
1491 1
1492 0
1493 1
1494 0
1495 0
1496 0
1497 1
1498 2
1499 2
1500 0
1501 1
1502 0
1503 1
1504 0
1505 0
1506 0
1507 1
1508 3
1509 1
1510 2
1511 0
1512 0
1513 2
1514 1
1515 1
1516 0
1517 0
1518 1
1519 2
1520 0
1521 1
1522 0
1523 0
1524 2
1525 1
1526 0
1527 1
1528 4
1529 0
1530 1
1531 0
1532 1
1533 0
1534 0
1535 2
1536 1
1537 0
1538 0
1539 1
1540 0
1541 0
1542 0
1543 0
1544 0
1545 0
1546 0
1547 0
1548 1
1549 0
1550 0
1551 0
1552 1
1553 0
1554 0
1555 0
1556 0
1557 0
1558 0
1559 0
1560 0
1561 0
1562 0
1563 1
1564 0
1565 0
1566 0
1567 0
1568 0
1569 0
1570 0
1571 0
1572 0
1573 0
1574 0
1575 0
1576 0
1577 0
1578 0
1579 0
1580 0
1581 0
1582 0
1583 0
1584 0
1585 0
1586 0
1587 0
1588 0
1589 0
1590 1
1591 0
1592 1
1593 0
1594 0
1595 0
1596 1
1597 0
1598 0
1599 0
1600 0
1601 0
1602 0
1603 0
1604 0
1605 0
1606 1
1607 0
1608 0
1609 0
1610 0
1611 0
1612 0
1613 0
1614 0
1615 0
1616 0
1617 0
1618 0
1619 0
1620 0
1621 1
1622 1
1623 0
1624 0
1625 0
1626 0
1627 2
1628 1
1629 1
1630 0
1631 1
1632 0
1633 1
1634 0
1635 1
1636 0
1637 0
1638 0
1639 0
1640 1
1641 0
1642 0
1643 1
1644 0
1645 1
1646 0
1647 0
1648 0
1649 2
1650 1
1651 0
1652 0
1653 0
1654 0
1655 0
1656 1
1657 0
1658 0
1659 1
1660 0
1661 0
1662 0
1663 0
1664 0
1665 0
1666 0
1667 0
1668 0
1669 0
1670 0
1671 0
1672 0
1673 0
1674 0
1675 0
1676 0
1677 0
1678 0
1679 0
1680 0
1681 0
1682 0
1683 0
1684 0
1685 0
1686 0
1687 0
1688 1
1689 0
1690 0
1691 0
1692 0
1693 0
1694 0
1695 0
1696 0
1697 0
1698 0
1699 0
1700 0
1701 0
1702 0
1703 0
1704 0
1705 0
1706 0
1707 0
1708 0
1709 0
1710 0
1711 0
1712 0
1713 0
1714 0
1715 0
1716 0
1717 0
1718 0
1719 0
1720 1
1721 0
1722 0
1723 0
1724 0
1725 0
1726 0
1727 1
1728 0
1729 0
1730 0
1731 0
1732 0
1733 0
1734 1
1735 0
1736 1
1737 0
1738 0
1739 0
1740 0
1741 0
1742 0
1743 0
1744 0
1745 0
1746 0
1747 0
1748 0
1749 0
1750 1
1751 0
1752 0
1753 0
1754 0
1755 0
1756 0
1757 0
1758 0
1759 0
1760 1
1761 0
1762 0
1763 0
1764 0
1765 0
1766 0
1767 0
1768 0
1769 0
1770 0
1771 0
1772 0
1773 0
1774 0
1775 0
1776 0
1777 0
1778 0
1779 0
1780 0
1781 0
1782 0
1783 0
1784 0
1785 0
1786 0
1787 0
1788 0
1789 0
1790 0
1791 0
1792 0
1793 0
1794 0
1795 0
1796 0
1797 0
1798 0
1799 0
1800 0
1801 0
1802 0
1803 0
1804 0
1805 0
1806 0
1807 0
1808 0
1809 0
1810 0
1811 0
1812 0
1813 0
1814 1
1815 0
1816 0
1817 0
1818 0
1819 0
1820 0
1821 0
1822 0
1823 0
1824 0
1825 0
1826 0
1827 0
1828 0
1829 0
1830 0
1831 0
1832 0
1833 0
1834 0
1835 0
1836 0
1837 0
1838 0
1839 0
1840 0
1841 0
1842 0
1843 0
1844 0
1845 0
1846 0
1847 0
1848 0
1849 0
1850 0
1851 0
1852 0
1853 0
1854 0
1855 0
1856 0
1857 0
1858 0
1859 0
1860 0
1861 0
1862 0
1863 0
1864 0
1865 0
1866 0
1867 0
1868 0
1869 0
1870 0
1871 0
1872 0
1873 0
1874 0
1875 0
1876 0
1877 0
1878 0
1879 0
1880 0
1881 0
1882 0
1883 0
1884 0
1885 0
1886 0
1887 0
1888 0
1889 0
1890 0
1891 0
1892 0
1893 0
1894 0
1895 0
1896 0
1897 0
1898 0
1899 0
1900 0
1901 0
1902 0
1903 0
1904 0
1905 0
1906 0
1907 0
1908 0
1909 0
1910 0
1911 0
1912 0
1913 0
1914 0
1915 0
1916 0
1917 0
1918 0
1919 0
1920 0
1921 0
1922 0
1923 0
1924 0
1925 0
1926 0
1927 0
1928 0
1929 0
1930 0
1931 0
1932 0
1933 0
1934 0
1935 0
1936 0
1937 0
1938 0
1939 0
1940 0
1941 0
1942 0
1943 0
1944 0
1945 0
1946 0
1947 0
1948 0
1949 0
1950 0
1951 0
1952 0
1953 0
1954 0
1955 0
1956 0
1957 0
1958 0
1959 0
1960 0
1961 0
1962 0
1963 0
1964 0
1965 0
1966 0
1967 0
1968 0
1969 0
1970 0
1971 0
1972 0
1973 0
1974 0
1975 0
1976 0
1977 0
1978 0
1979 1
1980 0
1981 0
1982 0
1983 0
1984 0
1985 0
1986 0
1987 0
1988 0
1989 0
1990 0
1991 0
1992 0
1993 0
1994 0
1995 0
1996 0
1997 0
1998 0
1999 0
