0 8
1 7
2 2
3 2
4 3
5 9
6 9
7 2
8 4
9 6
10 8
11 5
12 4
13 11
14 4
15 6
16 6
17 7
18 7
19 5
20 6
21 5
22 1
23 10
24 8
25 6
26 8
27 5
28 1
29 3
30 5
31 6
32 4
33 12
34 6
35 7
36 3
37 5
38 6
39 3
40 3
41 5
42 4
43 5
44 5
45 6
46 7
47 10
48 4
49 5
50 4
51 2
52 5
53 5
54 11
55 0
56 3
57 2
58 2
59 7
60 4
61 6
62 4
63 2
64 2
65 4
66 8
67 5
68 2
69 9
70 6
71 8
72 11
73 6
74 5
75 12
76 3
77 5
78 3
79 4
80 5
81 8
82 6
83 7
84 5
85 4
86 5
87 11
88 3
89 1
90 8
91 6
92 10
93 5
94 5
95 3
96 7
97 3
98 4
99 6
100 5
101 3
102 2
103 5
104 6
105 3
106 5
107 3
108 3
109 4
110 7
111 1
112 6
113 5
114 7
115 7
116 3
117 10
118 2
119 5
120 4
121 3
122 7
123 5
124 1
125 3
126 6
127 3
128 2
129 2
130 5
131 8
132 6
133 5
134 3
135 6
136 6
137 3
138 8
139 4
140 6
141 5
142 7
143 6
144 9
145 8
146 3
147 6
148 3
149 5
150 4
151 4
152 9
153 5
154 7
155 9
156 6
157 7
158 6
159 3
160 5
161 8
162 4
163 2
164 7
165 5
166 1
167 3
168 5
169 7
170 8
171 3
172 3
173 4
174 11
175 6
176 5
177 7
178 1
179 8
180 8
181 10
182 6
183 3
184 2
185 3
186 3
187 4
188 4
189 5
190 5
191 4
192 5
193 5
194 5
195 5
196 5
197 1
198 1
199 6
200 5
201 5
202 7
203 4
204 5
205 1
206 5
207 6
208 5
209 3
210 3
211 1
212 2
213 7
214 4
215 4
216 12
217 3
218 2
219 5
220 3
221 6
222 5
223 6
224 2
225 4
226 7
227 2
228 6
229 4
230 5
231 4
232 4
233 7
234 1
235 6
236 5
237 9
238 2
239 9
240 10
241 3
242 6
243 5
244 5
245 4
246 8
247 4
248 4
249 1
250 5
251 6
252 4
253 6
254 2
255 4
256 4
257 3
258 6
259 2
260 6
261 4
262 3
263 3
264 8
265 4
266 4
267 5
268 6
269 6
270 6
271 3
272 7
273 3
274 7
275 5
276 5
277 4
278 3
279 5
280 6
281 3
282 4
283 5
284 0
285 4
286 7
287 4
288 7
289 7
290 6
291 6
292 1
293 3
294 4
295 3
296 2
297 6
298 1
299 10
300 2
301 4
302 3
303 2
304 4
305 4
306 9
307 6
308 13
309 5
310 7
311 5
312 3
313 3
314 2
315 4
316 7
317 2
318 3
319 2
320 3
321 1
322 3
323 4
324 7
325 5
326 8
327 3
328 7
329 7
330 5
331 3
332 8
333 7
334 4
335 6
336 4
337 5
338 3
339 8
340 6
341 5
342 4
343 5
344 5
345 6
346 2
347 3
348 7
349 4
350 7
351 6
352 9
353 2
354 6
355 5
356 5
357 6
358 6
359 5
360 4
361 6
362 4
363 8
364 5
365 6
366 5
367 2
368 5
369 6
370 5
371 9
372 4
373 3
374 7
375 2
376 3
377 3
378 5
379 5
380 2
381 1
382 7
383 3
384 5
385 1
386 3
387 4
388 5
389 4
390 3
391 4
392 10
393 2
394 4
395 3
396 11
397 4
398 7
399 4
400 4
401 5
402 6
403 12
404 5
405 7
406 6
407 5
408 4
409 3
410 2
411 8
412 6
413 7
414 7
415 5
416 5
417 5
418 4
419 9
420 5
421 4
422 6
423 4
424 3
425 7
426 7
427 5
428 6
429 5
430 4
431 3
432 0
433 7
434 3
435 5
436 2
437 5
438 5
439 9
440 4
441 6
442 1
443 7
444 6
445 2
446 4
447 3
448 4
449 2
450 5
451 3
452 6
453 9
454 6
455 4
456 6
457 4
458 5
459 6
460 4
461 10
462 3
463 6
464 4
465 4
466 5
467 8
468 7
469 7
470 4
471 5
472 3
473 3
474 2
475 3
476 4
477 8
478 3
479 3
480 3
481 10
482 4
483 6
484 2
485 6
486 9
487 4
488 9
489 4
490 3
491 4
492 6
493 2
494 9
495 3
496 4
497 6
498 3
499 5
500 6
501 7
502 4
503 5
504 7
505 3
506 4
507 3
508 1
509 6
510 4
511 8
512 12
513 3
514 6
515 6
516 2
517 2
518 3
519 5
520 1
521 7
522 5
523 5
524 7
525 4
526 5
527 0
528 5
529 6
530 5
531 2
532 5
533 6
534 5
535 2
536 8
537 6
538 2
539 8
540 2
541 7
542 5
543 4
544 4
545 5
546 8
547 3
548 7
549 8
550 3
551 1
552 10
553 3
554 2
555 1
556 5
557 8
558 7
559 4
560 3
561 6
562 3
563 6
564 7
565 5
566 3
567 5
568 1
569 7
570 4
571 4
572 3
573 7
574 3
575 3
576 4
577 3
578 8
579 4
580 9
581 6
582 2
583 3
584 5
585 4
586 7
587 2
588 4
589 6
590 3
591 4
592 7
593 1
594 3
595 1
596 7
597 3
598 6
599 5
600 10
601 6
602 7
603 5
604 4
605 0
606 8
607 5
608 6
609 2
610 5
611 5
612 1
613 6
614 5
615 5
616 6
617 4
618 6
619 4
620 8
621 3
622 5
623 7
624 3
625 11
626 3
627 1
628 5
629 4
630 2
631 3
632 6
633 2
634 8
635 5
636 4
637 3
638 2
639 6
640 6
641 5
642 6
643 9
644 4
645 4
646 0
647 10
648 4
649 10
650 5
651 8
652 9
653 5
654 1
655 6
656 4
657 3
658 9
659 5
660 4
661 3
662 7
663 6
664 4
665 4
666 5
667 5
668 2
669 2
670 3
671 4
672 3
673 3
674 5
675 3
676 4
677 5
678 6
679 5
680 6
681 7
682 6
683 3
684 4
685 6
686 4
687 8
688 6
689 6
690 4
691 9
692 5
693 3
694 3
695 1
696 7
697 8
698 6
699 4
700 5
701 5
702 6
703 5
704 5
705 7
706 3
707 1
708 6
709 3
710 3
711 6
712 6
713 0
714 7
715 3
716 3
717 7
718 5
719 4
720 4
721 5
722 3
723 5
724 1
725 4
726 8
727 4
728 2
729 6
730 5
731 1
732 5
733 6
734 5
735 6
736 3
737 3
738 4
739 6
740 7
741 3
742 6
743 5
744 5
745 5
746 8
747 7
748 4
749 9
750 15
751 3
752 5
753 7
754 3
755 5
756 3
757 6
758 7
759 9
760 5
761 4
762 6
763 4
764 4
765 6
766 9
767 5
768 6
769 3
770 6
771 4
772 5
773 7
774 7
775 6
776 8
777 3
778 5
779 5
780 9
781 6
782 5
783 3
784 7
785 4
786 8
787 3
788 3
789 3
790 3
791 4
792 4
793 3
794 5
795 4
796 3
797 7
798 11
799 4
800 7
801 3
802 5
803 5
804 4
805 7
806 8
807 4
808 2
809 7
810 10
811 7
812 5
813 6
814 4
815 8
816 7
817 8
818 4
819 4
820 7
821 4
822 8
823 5
824 2
825 5
826 7
827 3
828 5
829 3
830 7
831 7
832 7
833 7
834 4
835 4
836 0
837 8
838 2
839 7
840 5
841 6
842 5
843 4
844 8
845 2
846 9
847 8
848 8
849 3
850 7
851 5
852 5
853 1
854 10
855 3
856 2
857 8
858 11
859 9
860 7
861 7
862 8
863 10
864 6
865 7
866 5
867 6
868 7
869 8
870 2
871 4
872 2
873 8
874 10
875 3
876 9
877 4
878 4
879 4
880 8
881 4
882 5
883 4
884 4
885 7
886 3
887 7
888 6
889 5
890 6
891 5
892 2
893 4
894 5
895 7
896 4
897 3
898 5
899 7
900 3
901 1
902 4
903 5
904 4
905 8
906 4
907 7
908 4
909 7
910 4
911 3
912 4
913 5
914 8
915 13
916 2
917 10
918 11
919 2
920 5
921 3
922 6
923 5
924 3
925 5
926 7
927 7
928 3
929 6
930 6
931 6
932 5
933 6
934 11
935 8
936 5
937 5
938 5
939 6
940 6
941 6
942 0
943 5
944 7
945 7
946 5
947 6
948 5
949 7
950 6
951 7
952 3
953 2
954 5
955 3
956 5
957 6
958 4
959 11
960 3
961 6
962 6
963 9
964 6
965 3
966 1
967 5
968 7
969 6
970 3
971 9
972 9
973 13
974 5
975 5
976 4
977 4
978 3
979 7
980 2
981 6
982 9
983 7
984 8
985 3
986 4
987 1
988 8
989 11
990 5
991 8
992 4
993 5
994 2
995 2
996 7
997 5
998 2
999 4
1000 6
1001 7
1002 5
1003 4
1004 6
1005 4
1006 4
1007 4
1008 2
1009 4
1010 5
1011 5
1012 3
1013 5
1014 5
1015 6
1016 3
1017 7
1018 6
1019 4
1020 6
1021 11
1022 1
1023 7
1024 3
1025 1
1026 7
1027 4
1028 1
1029 2
1030 3
1031 8
1032 7
1033 7
1034 7
1035 6
1036 6
1037 7
1038 10
1039 7
1040 7
1041 4
1042 4
1043 2
1044 5
1045 2
1046 9
1047 10
1048 2
1049 7
1050 7
1051 5
1052 10
1053 3
1054 6
1055 7
1056 5
1057 2
1058 6
1059 3
1060 2
1061 3
1062 4
1063 5
1064 3
1065 4
1066 5
1067 7
1068 1
1069 6
1070 3
1071 5
1072 2
1073 4
1074 8
1075 9
1076 2
1077 2
1078 5
1079 8
1080 6
1081 4
1082 4
1083 7
1084 7
1085 1
1086 3
1087 7
1088 8
1089 5
1090 2
1091 2
1092 4
1093 5
1094 6
1095 6
1096 5
1097 2
1098 6
1099 5
1100 5
1101 2
1102 6
1103 9
1104 4
1105 4
1106 8
1107 4
1108 5
1109 2
1110 4
1111 6
1112 6
1113 2
1114 6
1115 5
1116 9
1117 2
1118 5
1119 2
1120 4
1121 1
1122 2
1123 7
1124 4
1125 8
1126 6
1127 2
1128 8
1129 8
1130 2
1131 3
1132 3
1133 4
1134 8
1135 8
1136 0
1137 6
1138 2
1139 8
1140 5
1141 5
1142 4
1143 1
1144 5
1145 3
1146 4
1147 5
1148 1
1149 8
1150 5
1151 4
1152 3
1153 5
1154 7
1155 6
1156 9
1157 3
1158 9
1159 4
1160 6
1161 4
1162 8
1163 6
1164 7
1165 6
1166 10
1167 3
1168 6
1169 4
1170 11
1171 5
1172 5
1173 5
1174 12
1175 6
1176 4
1177 6
1178 4
1179 3
1180 4
1181 4
1182 3
1183 7
1184 4
1185 1
1186 6
1187 5
1188 6
1189 3
1190 2
1191 6
1192 4
1193 4
1194 5
1195 6
1196 2
1197 3
1198 4
1199 8
1200 6
1201 5
1202 4
1203 3
1204 13
1205 9
1206 7
1207 9
1208 5
1209 8
1210 2
1211 5
1212 3
1213 8
1214 4
1215 2
1216 9
1217 4
1218 6
1219 4
1220 4
1221 5
1222 7
1223 8
1224 4
1225 1
1226 5
1227 5
1228 3
1229 6
1230 3
1231 1
1232 2
1233 2
1234 4
1235 3
1236 6
1237 4
1238 2
1239 8
1240 5
1241 8
1242 6
1243 6
1244 8
1245 4
1246 2
1247 6
1248 2
1249 4
1250 9
1251 4
1252 2
1253 5
1254 3
1255 2
1256 3
1257 5
1258 9
1259 4
1260 3
1261 6
1262 3
1263 4
1264 2
1265 2
1266 6
1267 5
1268 5
1269 4
1270 4
1271 3
1272 7
1273 3
1274 3
1275 8
1276 5
1277 5
1278 5
1279 2
1280 7
1281 8
1282 9
1283 2
1284 6
1285 5
1286 4
1287 5
1288 5
1289 7
1290 7
1291 6
1292 4
1293 3
1294 1
1295 8
1296 5
1297 1
1298 3
1299 14
1300 6
1301 2
1302 3
1303 3
1304 6
1305 4
1306 3
1307 5
1308 7
1309 6
1310 5
1311 6
1312 3
1313 5
1314 8
1315 5
1316 10
1317 5
1318 5
1319 3
1320 6
1321 4
1322 5
1323 5
1324 6
1325 3
1326 7
1327 10
1328 4
1329 9
1330 7
1331 1
1332 3
1333 6
1334 5
1335 4
1336 9
1337 5
1338 7
1339 3
1340 5
1341 6
1342 6
1343 7
1344 2
1345 6
1346 8
1347 5
1348 4
1349 4
1350 2
1351 8
1352 4
1353 3
1354 2
1355 6
1356 11
1357 8
1358 3
1359 2
1360 7
1361 6
1362 4
1363 4
1364 2
1365 3
1366 5
1367 6
1368 6
1369 7
1370 7
1371 4
1372 7
1373 1
1374 8
1375 3
1376 3
1377 2
1378 1
1379 3
1380 2
1381 10
1382 3
1383 3
1384 6
1385 7
1386 6
1387 10
1388 6
1389 7
1390 4
1391 2
1392 7
1393 10
1394 5
1395 5
1396 7
1397 5
1398 8
1399 6
1400 1
1401 2
1402 3
1403 4
1404 2
1405 5
1406 7
1407 6
1408 7
1409 2
1410 9
1411 2
1412 10
1413 3
1414 8
1415 2
1416 6
1417 6
1418 5
1419 2
1420 8
1421 4
1422 3
1423 4
1424 6
1425 4
1426 5
1427 8
1428 6
1429 4
1430 4
1431 5
1432 9
1433 5
1434 6
1435 7
1436 10
1437 9
1438 8
1439 4
1440 8
1441 8
1442 3
1443 4
1444 7
1445 4
1446 7
1447 3
1448 5
1449 8
1450 2
1451 3
1452 9
1453 5
1454 6
1455 7
1456 7
1457 4
1458 7
1459 7
1460 5
1461 6
1462 1
1463 3
1464 8
1465 3
1466 6
1467 2
1468 2
1469 4
1470 5
1471 6
1472 2
1473 4
1474 2
1475 9
1476 5
1477 3
1478 5
1479 6
1480 6
1481 6
1482 6
1483 4
1484 9
1485 3
1486 6
1487 4
1488 7
1489 5
1490 8
1491 2
1492 7
1493 3
1494 5
1495 8
1496 3
1497 3
1498 1
1499 5
1500 4
1501 3
1502 3
1503 5
1504 4
1505 5
1506 5
1507 5
1508 5
1509 4
1510 9
1511 5
1512 9
1513 4
1514 2
1515 0
1516 1
1517 7
1518 10
1519 2
1520 3
1521 4
1522 6
1523 4
1524 3
1525 6
1526 4
1527 5
1528 4
1529 4
1530 3
1531 5
1532 8
1533 8
1534 5
1535 7
1536 4
1537 3
1538 5
1539 5
1540 7
1541 7
1542 10
1543 4
1544 5
1545 6
1546 4
1547 4
1548 10
1549 4
1550 8
1551 2
1552 2
1553 6
1554 4
1555 7
1556 1
1557 2
1558 7
1559 8
1560 6
1561 3
1562 6
1563 5
1564 4
1565 6
1566 5
1567 4
1568 8
1569 14
1570 3
1571 4
1572 3
1573 5
1574 6
1575 6
1576 5
1577 2
1578 7
1579 6
1580 0
1581 7
1582 8
1583 5
1584 1
1585 8
1586 8
1587 5
1588 4
1589 7
1590 6
1591 2
1592 11
1593 2
1594 6
1595 1
1596 3
1597 4
1598 4
1599 6
1600 9
1601 8
1602 10
1603 7
1604 1
1605 3
1606 6
1607 4
1608 9
1609 9
1610 3
1611 7
1612 9
1613 5
1614 2
1615 5
1616 4
1617 6
1618 4
1619 5
1620 5
1621 5
1622 3
1623 5
1624 8
1625 6
1626 9
1627 5
1628 7
1629 2
1630 3
1631 8
1632 7
1633 10
1634 3
1635 4
1636 6
1637 7
1638 6
1639 1
1640 2
1641 7
1642 2
1643 3
1644 5
1645 5
1646 2
1647 5
1648 3
1649 7
1650 6
1651 4
1652 8
1653 3
1654 9
1655 3
1656 3
1657 6
1658 5
1659 8
1660 4
1661 6
1662 7
1663 11
1664 8
1665 3
1666 4
1667 4
1668 6
1669 4
1670 2
1671 8
1672 6
1673 4
1674 7
1675 5
1676 6
1677 3
1678 5
1679 6
1680 1
1681 4
1682 9
1683 5
1684 4
1685 5
1686 5
1687 6
1688 5
1689 1
1690 1
1691 6
1692 3
1693 8
1694 3
1695 5
1696 6
1697 2
1698 4
1699 5
1700 6
1701 5
1702 9
1703 3
1704 6
1705 3
1706 2
1707 4
1708 4
1709 3
1710 6
1711 3
1712 6
1713 6
1714 2
1715 7
1716 4
1717 6
1718 2
1719 3
1720 4
1721 5
1722 4
1723 3
1724 6
1725 5
1726 5
1727 4
1728 4
1729 6
1730 2
1731 3
1732 3
1733 7
1734 0
1735 6
1736 7
1737 3
1738 8
1739 4
1740 4
1741 1
1742 4
1743 5
1744 4
1745 6
1746 6
1747 4
1748 8
1749 5
1750 4
1751 7
1752 5
1753 7
1754 7
1755 3
1756 5
1757 4
1758 7
1759 7
1760 5
1761 3
1762 6
1763 6
1764 3
1765 5
1766 8
1767 6
1768 4
1769 3
1770 3
1771 5
1772 5
1773 5
1774 5
1775 5
1776 4
1777 9
1778 8
1779 6
1780 5
1781 9
1782 7
1783 6
1784 7
1785 10
1786 6
1787 2
1788 6
1789 6
1790 3
1791 6
1792 4
1793 5
1794 0
1795 6
1796 7
1797 4
1798 4
1799 5
1800 4
1801 2
1802 6
1803 6
1804 5
1805 5
1806 4
1807 3
1808 6
1809 3
1810 6
1811 7
1812 3
1813 7
1814 8
1815 4
1816 4
1817 3
1818 2
1819 6
1820 5
1821 7
1822 3
1823 2
1824 4
1825 4
1826 2
1827 7
1828 2
1829 8
1830 3
1831 4
1832 8
1833 2
1834 5
1835 4
1836 8
1837 4
1838 4
1839 5
1840 7
1841 4
1842 1
1843 7
1844 6
1845 7
1846 8
1847 4
1848 8
1849 9
1850 6
1851 6
1852 5
1853 7
1854 1
1855 3
1856 3
1857 3
1858 5
1859 7
1860 1
1861 5
1862 4
1863 4
1864 4
1865 6
1866 6
1867 3
1868 7
1869 4
1870 6
1871 2
1872 7
1873 9
1874 5
1875 13
1876 5
1877 4
1878 4
1879 5
1880 5
1881 4
1882 4
1883 5
1884 5
1885 4
1886 4
1887 8
1888 2
1889 3
1890 6
1891 3
1892 6
1893 7
1894 9
1895 4
1896 9
1897 7
1898 3
1899 3
1900 3
1901 6
1902 6
1903 3
1904 9
1905 4
1906 1
1907 5
1908 7
1909 3
1910 4
1911 10
1912 3
1913 5
1914 3
1915 3
1916 3
1917 1
1918 1
1919 9
1920 6
1921 4
1922 2
1923 6
1924 8
1925 3
1926 7
1927 0
1928 8
1929 7
1930 7
1931 6
1932 2
1933 4
1934 3
1935 3
1936 3
1937 5
1938 2
1939 8
1940 6
1941 5
1942 4
1943 5
1944 8
1945 6
1946 9
1947 6
1948 7
1949 7
1950 7
1951 5
1952 4
1953 5
1954 2
1955 4
1956 4
1957 4
1958 2
1959 5
1960 4
1961 6
1962 6
1963 5
1964 4
1965 4
1966 7
1967 9
1968 7
1969 6
1970 6
1971 5
1972 6
1973 3
1974 2
1975 11
1976 3
1977 6
1978 4
1979 3
1980 1
1981 1
1982 2
1983 4
1984 3
1985 7
1986 3
1987 5
1988 4
1989 4
1990 7
1991 2
1992 7
1993 4
1994 4
1995 7
1996 10
1997 8
1998 4
1999 4
