0 5
1 4
2 6
3 8
4 4
5 6
6 7
7 2
8 5
9 2
10 5
11 6
12 9
13 7
14 3
15 6
16 4
17 6
18 6
19 10
20 6
21 4
22 9
23 4
24 8
25 3
26 4
27 6
28 5
29 4
30 1
31 9
32 11
33 7
34 2
35 6
36 5
37 7
38 4
39 4
40 7
41 3
42 7
43 6
44 4
45 6
46 9
47 4
48 9
49 7
50 3
51 4
52 10
53 7
54 7
55 8
56 7
57 6
58 2
59 4
60 5
61 8
62 4
63 6
64 8
65 1
66 5
67 6
68 5
69 5
70 5
71 5
72 8
73 2
74 7
75 1
76 2
77 3
78 9
79 6
80 1
81 5
82 2
83 3
84 5
85 3
86 6
87 4
88 3
89 2
90 7
91 4
92 6
93 3
94 3
95 4
96 2
97 12
98 5
99 3
100 4
101 5
102 5
103 9
104 2
105 4
106 5
107 7
108 4
109 6
110 6
111 7
112 10
113 5
114 4
115 6
116 3
117 6
118 7
119 8
120 4
121 7
122 8
123 7
124 3
125 8
126 5
127 3
128 3
129 3
130 5
131 9
132 2
133 4
134 6
135 8
136 2
137 6
138 5
139 5
140 7
141 4
142 2
143 5
144 4
145 2
146 6
147 1
148 2
149 6
150 2
151 9
152 8
153 6
154 3
155 4
156 4
157 1
158 5
159 10
160 12
161 8
162 3
163 7
164 6
165 1
166 7
167 3
168 4
169 8
170 2
171 8
172 11
173 7
174 4
175 8
176 7
177 10
178 6
179 4
180 4
181 4
182 2
183 1
184 7
185 3
186 6
187 4
188 5
189 6
190 4
191 3
192 9
193 3
194 6
195 4
196 7
197 4
198 7
199 7
200 8
201 5
202 6
203 8
204 4
205 5
206 2
207 2
208 6
209 6
210 6
211 2
212 3
213 4
214 6
215 8
216 4
217 7
218 5
219 3
220 8
221 3
222 7
223 5
224 5
225 5
226 4
227 4
228 5
229 4
230 7
231 1
232 6
233 5
234 5
235 6
236 4
237 4
238 5
239 6
240 6
241 1
242 2
243 3
244 3
245 2
246 3
247 2
248 5
249 4
250 6
251 4
252 5
253 6
254 4
255 2
256 4
257 4
258 4
259 4
260 6
261 3
262 11
263 2
264 7
265 6
266 5
267 4
268 11
269 2
270 11
271 2
272 9
273 2
274 1
275 2
276 4
277 5
278 1
279 5
280 2
281 2
282 4
283 7
284 3
285 2
286 2
287 7
288 5
289 5
290 6
291 5
292 11
293 5
294 8
295 7
296 6
297 3
298 7
299 1
300 6
301 5
302 3
303 7
304 4
305 4
306 5
307 2
308 12
309 4
310 2
311 6
312 3
313 4
314 9
315 8
316 2
317 4
318 6
319 6
320 1
321 5
322 6
323 6
324 7
325 5
326 2
327 7
328 4
329 9
330 1
331 6
332 6
333 4
334 6
335 11
336 5
337 3
338 3
339 6
340 7
341 2
342 3
343 7
344 8
345 3
346 5
347 7
348 4
349 9
350 4
351 1
352 6
353 7
354 7
355 1
356 6
357 3
358 4
359 4
360 5
361 5
362 5
363 6
364 4
365 3
366 4
367 6
368 2
369 9
370 7
371 7
372 7
373 6
374 5
375 5
376 3
377 5
378 4
379 3
380 6
381 11
382 8
383 5
384 2
385 3
386 3
387 6
388 9
389 9
390 7
391 5
392 4
393 5
394 5
395 8
396 3
397 6
398 6
399 7
400 2
401 4
402 4
403 6
404 5
405 5
406 6
407 6
408 5
409 6
410 6
411 3
412 5
413 8
414 4
415 2
416 5
417 3
418 2
419 6
420 8
421 7
422 8
423 6
424 8
425 5
426 6
427 7
428 5
429 6
430 4
431 5
432 3
433 5
434 4
435 3
436 3
437 8
438 3
439 6
440 5
441 6
442 9
443 2
444 2
445 3
446 8
447 7
448 5
449 7
450 8
451 4
452 2
453 3
454 6
455 9
456 5
457 7
458 7
459 3
460 6
461 6
462 9
463 3
464 5
465 6
466 5
467 6
468 4
469 5
470 6
471 4
472 3
473 6
474 3
475 2
476 6
477 5
478 4
479 2
480 3
481 7
482 9
483 4
484 5
485 2
486 10
487 2
488 6
489 6
490 3
491 4
492 10
493 6
494 5
495 5
496 4
497 4
498 9
499 5
500 5
501 6
502 7
503 3
504 3
505 5
506 3
507 3
508 6
509 4
510 8
511 7
512 7
513 6
514 5
515 5
516 2
517 5
518 3
519 4
520 3
521 3
522 9
523 4
524 2
525 4
526 7
527 4
528 3
529 3
530 4
531 8
532 9
533 7
534 4
535 3
536 7
537 3
538 1
539 4
540 7
541 3
542 4
543 2
544 5
545 5
546 4
547 2
548 2
549 4
550 5
551 5
552 3
553 1
554 5
555 8
556 4
557 7
558 7
559 4
560 4
561 4
562 6
563 0
564 5
565 3
566 9
567 6
568 5
569 4
570 5
571 6
572 7
573 4
574 4
575 5
576 10
577 8
578 5
579 2
580 2
581 7
582 5
583 5
584 3
585 6
586 3
587 3
588 1
589 5
590 7
591 5
592 8
593 4
594 4
595 5
596 3
597 5
598 2
599 4
600 4
601 3
602 3
603 5
604 6
605 3
606 5
607 9
608 4
609 1
610 3
611 6
612 7
613 8
614 5
615 2
616 5
617 0
618 5
619 3
620 8
621 5
622 3
623 5
624 4
625 1
626 4
627 8
628 7
629 10
630 9
631 3
632 4
633 7
634 7
635 7
636 7
637 9
638 8
639 6
640 1
641 7
642 4
643 2
644 12
645 9
646 7
647 8
648 6
649 4
650 7
651 4
652 2
653 2
654 7
655 4
656 1
657 2
658 4
659 4
660 6
661 6
662 5
663 4
664 4
665 7
666 5
667 4
668 2
669 7
670 2
671 8
672 4
673 7
674 6
675 9
676 8
677 7
678 3
679 7
680 2
681 4
682 6
683 5
684 7
685 8
686 6
687 2
688 4
689 7
690 5
691 7
692 6
693 4
694 8
695 3
696 4
697 6
698 4
699 5
700 6
701 3
702 3
703 3
704 2
705 3
706 7
707 3
708 9
709 7
710 8
711 4
712 2
713 4
714 7
715 7
716 4
717 10
718 4
719 1
720 8
721 6
722 4
723 2
724 6
725 1
726 4
727 5
728 3
729 6
730 6
731 5
732 5
733 3
734 4
735 4
736 2
737 3
738 2
739 5
740 3
741 6
742 3
743 4
744 11
745 11
746 6
747 2
748 4
749 4
750 5
751 4
752 10
753 7
754 3
755 3
756 5
757 3
758 5
759 11
760 6
761 1
762 4
763 5
764 11
765 4
766 6
767 4
768 8
769 4
770 7
771 5
772 5
773 5
774 5
775 4
776 4
777 5
778 2
779 6
780 4
781 9
782 4
783 6
784 0
785 5
786 5
787 5
788 6
789 10
790 6
791 3
792 7
793 5
794 2
795 1
796 3
797 6
798 7
799 2
800 7
801 3
802 5
803 4
804 4
805 8
806 5
807 1
808 9
809 2
810 5
811 5
812 2
813 3
814 3
815 2
816 5
817 5
818 8
819 2
820 4
821 9
822 7
823 3
824 6
825 5
826 3
827 7
828 6
829 7
830 5
831 3
832 2
833 6
834 4
835 6
836 11
837 2
838 4
839 3
840 6
841 0
842 7
843 3
844 4
845 10
846 3
847 5
848 5
849 2
850 3
851 6
852 8
853 5
854 8
855 7
856 6
857 7
858 2
859 6
860 2
861 4
862 6
863 7
864 7
865 5
866 3
867 3
868 4
869 4
870 8
871 6
872 6
873 3
874 5
875 5
876 2
877 6
878 5
879 7
880 6
881 5
882 3
883 1
884 5
885 4
886 8
887 6
888 5
889 5
890 2
891 5
892 4
893 3
894 2
895 3
896 6
897 6
898 8
899 4
900 5
901 6
902 2
903 7
904 3
905 2
906 2
907 4
908 6
909 6
910 5
911 5
912 4
913 4
914 1
915 2
916 3
917 5
918 6
919 9
920 5
921 4
922 2
923 6
924 5
925 5
926 6
927 5
928 3
929 8
930 4
931 5
932 7
933 2
934 6
935 3
936 3
937 8
938 4
939 3
940 7
941 4
942 6
943 5
944 11
945 5
946 7
947 4
948 6
949 4
950 6
951 4
952 3
953 8
954 6
955 8
956 5
957 2
958 6
959 5
960 2
961 2
962 7
963 8
964 6
965 6
966 4
967 4
968 6
969 5
970 6
971 5
972 7
973 4
974 3
975 3
976 5
977 3
978 5
979 4
980 2
981 4
982 4
983 7
984 4
985 6
986 4
987 10
988 1
989 7
990 3
991 6
992 4
993 4
994 3
995 2
996 6
997 6
998 7
999 8
1000 4
1001 7
1002 5
1003 6
1004 5
1005 3
1006 7
1007 7
1008 5
1009 8
1010 5
1011 4
1012 7
1013 3
1014 4
1015 6
1016 0
1017 7
1018 3
1019 8
1020 5
1021 3
1022 8
1023 6
1024 7
1025 7
1026 4
1027 6
1028 4
1029 7
1030 4
1031 7
1032 8
1033 5
1034 2
1035 9
1036 7
1037 3
1038 3
1039 5
1040 6
1041 6
1042 3
1043 5
1044 6
1045 3
1046 6
1047 4
1048 2
1049 4
1050 3
1051 8
1052 3
1053 5
1054 5
1055 6
1056 7
1057 4
1058 2
1059 5
1060 6
1061 5
1062 2
1063 7
1064 6
1065 9
1066 3
1067 4
1068 7
1069 7
1070 7
1071 6
1072 4
1073 3
1074 8
1075 2
1076 8
1077 1
1078 5
1079 4
1080 8
1081 5
1082 9
1083 4
1084 1
1085 5
1086 5
1087 7
1088 5
1089 9
1090 5
1091 3
1092 6
1093 6
1094 4
1095 5
1096 5
1097 0
1098 6
1099 4
1100 6
1101 6
1102 4
1103 5
1104 3
1105 4
1106 4
1107 7
1108 4
1109 6
1110 5
1111 2
1112 5
1113 3
1114 7
1115 5
1116 7
1117 7
1118 9
1119 3
1120 6
1121 5
1122 4
1123 6
1124 1
1125 7
1126 4
1127 2
1128 5
1129 6
1130 2
1131 7
1132 5
1133 5
1134 5
1135 7
1136 2
1137 2
1138 3
1139 7
1140 4
1141 8
1142 5
1143 7
1144 5
1145 5
1146 2
1147 5
1148 1
1149 3
1150 6
1151 3
1152 8
1153 5
1154 7
1155 7
1156 5
1157 7
1158 3
1159 7
1160 5
1161 3
1162 1
1163 6
1164 5
1165 5
1166 4
1167 4
1168 5
1169 4
1170 4
1171 6
1172 8
1173 4
1174 1
1175 5
1176 7
1177 4
1178 4
1179 2
1180 7
1181 2
1182 6
1183 6
1184 8
1185 5
1186 8
1187 3
1188 4
1189 4
1190 6
1191 8
1192 3
1193 2
1194 4
1195 4
1196 6
1197 5
1198 8
1199 6
1200 4
1201 4
1202 3
1203 11
1204 8
1205 7
1206 8
1207 8
1208 4
1209 7
1210 10
1211 4
1212 2
1213 2
1214 3
1215 4
1216 2
1217 9
1218 6
1219 7
1220 4
1221 5
1222 4
1223 4
1224 3
1225 6
1226 4
1227 8
1228 4
1229 3
1230 5
1231 4
1232 4
1233 5
1234 2
1235 4
1236 6
1237 5
1238 5
1239 3
1240 6
1241 3
1242 3
1243 3
1244 6
1245 7
1246 6
1247 5
1248 6
1249 4
1250 10
1251 5
1252 5
1253 4
1254 6
1255 3
1256 5
1257 6
1258 2
1259 5
1260 10
1261 5
1262 9
1263 9
1264 6
1265 8
1266 7
1267 1
1268 2
1269 4
1270 7
1271 10
1272 3
1273 3
1274 4
1275 4
1276 6
1277 3
1278 6
1279 5
1280 2
1281 5
1282 7
1283 8
1284 7
1285 3
1286 5
1287 6
1288 5
1289 10
1290 6
1291 2
1292 4
1293 6
1294 4
1295 8
1296 6
1297 5
1298 5
1299 7
1300 3
1301 6
1302 9
1303 2
1304 7
1305 3
1306 1
1307 4
1308 2
1309 3
1310 5
1311 10
1312 5
1313 13
1314 4
1315 2
1316 8
1317 8
1318 10
1319 5
1320 5
1321 6
1322 3
1323 5
1324 3
1325 5
1326 6
1327 9
1328 4
1329 5
1330 4
1331 0
1332 7
1333 3
1334 9
1335 6
1336 6
1337 6
1338 2
1339 6
1340 4
1341 4
1342 4
1343 5
1344 10
1345 6
1346 5
1347 6
1348 7
1349 3
1350 3
1351 11
1352 3
1353 4
1354 3
1355 2
1356 3
1357 7
1358 7
1359 8
1360 5
1361 7
1362 8
1363 1
1364 3
1365 3
1366 4
1367 8
1368 4
1369 6
1370 5
1371 7
1372 6
1373 7
1374 5
1375 7
1376 6
1377 4
1378 4
1379 4
1380 8
1381 6
1382 7
1383 4
1384 3
1385 5
1386 4
1387 4
1388 4
1389 8
1390 7
1391 12
1392 4
1393 4
1394 4
1395 3
1396 8
1397 5
1398 6
1399 5
1400 4
1401 4
1402 7
1403 6
1404 4
1405 5
1406 6
1407 5
1408 1
1409 6
1410 7
1411 1
1412 5
1413 7
1414 4
1415 9
1416 3
1417 7
1418 6
1419 5
1420 4
1421 5
1422 6
1423 3
1424 6
1425 5
1426 10
1427 4
1428 7
1429 7
1430 4
1431 2
1432 10
1433 4
1434 8
1435 7
1436 1
1437 3
1438 9
1439 4
1440 1
1441 1
1442 6
1443 3
1444 5
1445 4
1446 3
1447 5
1448 4
1449 4
1450 11
1451 8
1452 8
1453 3
1454 9
1455 0
1456 2
1457 5
1458 9
1459 7
1460 6
1461 5
1462 5
1463 8
1464 5
1465 3
1466 4
1467 7
1468 3
1469 3
1470 3
1471 4
1472 7
1473 6
1474 8
1475 1
1476 3
1477 6
1478 1
1479 8
1480 4
1481 2
1482 1
1483 4
1484 5
1485 3
1486 4
1487 1
1488 6
1489 5
1490 4
1491 3
1492 4
1493 7
1494 3
1495 9
1496 7
1497 8
1498 3
1499 4
1500 7
1501 3
1502 7
1503 6
1504 5
1505 0
1506 5
1507 1
1508 10
1509 12
1510 9
1511 8
1512 5
1513 4
1514 4
1515 9
1516 1
1517 5
1518 1
1519 5
1520 6
1521 2
1522 3
1523 5
1524 8
1525 4
1526 7
1527 4
1528 2
1529 2
1530 4
1531 5
1532 4
1533 9
1534 4
1535 5
1536 3
1537 9
1538 3
1539 8
1540 5
1541 3
1542 7
1543 4
1544 5
1545 3
1546 5
1547 6
1548 4
1549 8
1550 4
1551 4
1552 6
1553 3
1554 8
1555 5
1556 3
1557 3
1558 5
1559 6
1560 5
1561 6
1562 4
1563 3
1564 4
1565 8
1566 8
1567 10
1568 8
1569 4
1570 6
1571 2
1572 9
1573 2
1574 5
1575 8
1576 1
1577 3
1578 5
1579 4
1580 6
1581 4
1582 3
1583 6
1584 8
1585 5
1586 1
1587 3
1588 6
1589 3
1590 5
1591 2
1592 4
1593 4
1594 5
1595 4
1596 7
1597 7
1598 2
1599 4
1600 8
1601 5
1602 8
1603 10
1604 5
1605 8
1606 6
1607 9
1608 4
1609 4
1610 9
1611 4
1612 2
1613 5
1614 5
1615 6
1616 3
1617 4
1618 3
1619 5
1620 11
1621 7
1622 5
1623 4
1624 4
1625 6
1626 8
1627 6
1628 1
1629 3
1630 3
1631 2
1632 7
1633 5
1634 2
1635 6
1636 8
1637 4
1638 8
1639 9
1640 3
1641 6
1642 2
1643 2
1644 5
1645 8
1646 6
1647 2
1648 13
1649 3
1650 5
1651 10
1652 7
1653 6
1654 4
1655 5
1656 7
1657 7
1658 6
1659 10
1660 5
1661 8
1662 6
1663 7
1664 4
1665 5
1666 5
1667 3
1668 6
1669 4
1670 5
1671 2
1672 3
1673 6
1674 6
1675 5
1676 3
1677 4
1678 4
1679 5
1680 8
1681 9
1682 6
1683 6
1684 8
1685 4
1686 6
1687 10
1688 8
1689 8
1690 6
1691 3
1692 3
1693 3
1694 1
1695 7
1696 5
1697 4
1698 3
1699 3
1700 7
1701 11
1702 5
1703 5
1704 7
1705 1
1706 6
1707 4
1708 1
1709 6
1710 3
1711 4
1712 5
1713 4
1714 3
1715 3
1716 8
1717 3
1718 5
1719 4
1720 11
1721 3
1722 5
1723 8
1724 4
1725 8
1726 2
1727 5
1728 8
1729 6
1730 3
1731 5
1732 4
1733 1
1734 5
1735 3
1736 4
1737 3
1738 4
1739 5
1740 5
1741 3
1742 2
1743 6
1744 3
1745 2
1746 4
1747 3
1748 7
1749 3
1750 5
1751 4
1752 7
1753 7
1754 4
1755 3
1756 7
1757 4
1758 1
1759 3
1760 4
1761 6
1762 2
1763 3
1764 6
1765 4
1766 4
1767 2
1768 6
1769 2
1770 3
1771 5
1772 5
1773 6
1774 5
1775 1
1776 6
1777 7
1778 4
1779 3
1780 4
1781 4
1782 5
1783 2
1784 2
1785 5
1786 3
1787 6
1788 5
1789 3
1790 4
1791 4
1792 6
1793 2
1794 4
1795 3
1796 2
1797 7
1798 5
1799 4
1800 4
1801 5
1802 1
1803 6
1804 8
1805 10
1806 7
1807 7
1808 1
1809 9
1810 4
1811 7
1812 3
1813 6
1814 4
1815 6
1816 4
1817 3
1818 6
1819 6
1820 4
1821 10
1822 4
1823 5
1824 9
1825 7
1826 5
1827 7
1828 4
1829 3
1830 6
1831 4
1832 2
1833 4
1834 8
1835 4
1836 7
1837 5
1838 8
1839 4
1840 4
1841 10
1842 6
1843 5
1844 2
1845 2
1846 3
1847 4
1848 6
1849 1
1850 6
1851 5
1852 6
1853 6
1854 6
1855 4
1856 2
1857 9
1858 2
1859 4
1860 11
1861 5
1862 9
1863 10
1864 1
1865 9
1866 8
1867 6
1868 4
1869 7
1870 3
1871 5
1872 3
1873 3
1874 4
1875 9
1876 7
1877 4
1878 3
1879 4
1880 2
1881 3
1882 5
1883 5
1884 14
1885 9
1886 10
1887 2
1888 7
1889 8
1890 5
1891 3
1892 4
1893 5
1894 5
1895 3
1896 4
1897 5
1898 3
1899 9
1900 3
1901 7
1902 9
1903 7
1904 5
1905 3
1906 6
1907 4
1908 8
1909 7
1910 7
1911 4
1912 12
1913 4
1914 6
1915 9
1916 8
1917 3
1918 2
1919 4
1920 6
1921 4
1922 4
1923 1
1924 5
1925 8
1926 2
1927 5
1928 1
1929 5
1930 5
1931 3
1932 5
1933 5
1934 5
1935 3
1936 3
1937 7
1938 5
1939 8
1940 6
1941 6
1942 3
1943 8
1944 6
1945 4
1946 10
1947 3
1948 4
1949 3
1950 6
1951 3
1952 5
1953 4
1954 8
1955 1
1956 5
1957 5
1958 8
1959 1
1960 3
1961 7
1962 3
1963 3
1964 6
1965 2
1966 4
1967 4
1968 4
1969 3
1970 5
1971 4
1972 6
1973 5
1974 4
1975 5
1976 4
1977 7
1978 7
1979 4
1980 6
1981 2
1982 5
1983 1
1984 7
1985 5
1986 6
1987 6
1988 3
1989 4
1990 5
1991 4
1992 2
1993 7
1994 5
1995 4
1996 4
1997 5
1998 6
1999 4
